CRITICAL - 2021-10-01 11:49:39 --> Invalid file: welcome_message.php
#0 C:\xampp\htdocs\pustaka-booking\system\View\View.php(198): CodeIgniter\Exceptions\FrameworkException::forInvalidFile('welcome_message...')
#1 C:\xampp\htdocs\pustaka-booking\system\Common.php(1092): CodeIgniter\View\View->render('welcome_message', Array, true)
#2 C:\xampp\htdocs\pustaka-booking\app\Controllers\Home.php(9): view('welcome_message')
#3 C:\xampp\htdocs\pustaka-booking\system\CodeIgniter.php(802): App\Controllers\Home->index()
#4 C:\xampp\htdocs\pustaka-booking\system\CodeIgniter.php(399): CodeIgniter\CodeIgniter->runController(Object(App\Controllers\Home))
#5 C:\xampp\htdocs\pustaka-booking\system\CodeIgniter.php(317): CodeIgniter\CodeIgniter->handleRequest(NULL, Object(Config\Cache), false)
#6 C:\xampp\htdocs\pustaka-booking\public\index.php(37): CodeIgniter\CodeIgniter->run()
#7 C:\xampp\htdocs\pustaka-booking\system\Commands\Server\rewrite.php(43): require_once('C:\\xampp\\htdocs...')
#8 {main}
CRITICAL - 2021-10-01 11:52:11 --> Invalid file: welcome_message.php
#0 C:\xampp\htdocs\pustaka-booking\system\View\View.php(198): CodeIgniter\Exceptions\FrameworkException::forInvalidFile('welcome_message...')
#1 C:\xampp\htdocs\pustaka-booking\system\Common.php(1092): CodeIgniter\View\View->render('welcome_message', Array, true)
#2 C:\xampp\htdocs\pustaka-booking\app\Controllers\Home.php(9): view('welcome_message')
#3 C:\xampp\htdocs\pustaka-booking\system\CodeIgniter.php(802): App\Controllers\Home->index()
#4 C:\xampp\htdocs\pustaka-booking\system\CodeIgniter.php(399): CodeIgniter\CodeIgniter->runController(Object(App\Controllers\Home))
#5 C:\xampp\htdocs\pustaka-booking\system\CodeIgniter.php(317): CodeIgniter\CodeIgniter->handleRequest(NULL, Object(Config\Cache), false)
#6 C:\xampp\htdocs\pustaka-booking\public\index.php(37): CodeIgniter\CodeIgniter->run()
#7 C:\xampp\htdocs\pustaka-booking\system\Commands\Server\rewrite.php(43): require_once('C:\\xampp\\htdocs...')
#8 {main}
CRITICAL - 2021-10-01 11:52:12 --> Invalid file: welcome_message.php
#0 C:\xampp\htdocs\pustaka-booking\system\View\View.php(198): CodeIgniter\Exceptions\FrameworkException::forInvalidFile('welcome_message...')
#1 C:\xampp\htdocs\pustaka-booking\system\Common.php(1092): CodeIgniter\View\View->render('welcome_message', Array, true)
#2 C:\xampp\htdocs\pustaka-booking\app\Controllers\Home.php(9): view('welcome_message')
#3 C:\xampp\htdocs\pustaka-booking\system\CodeIgniter.php(802): App\Controllers\Home->index()
#4 C:\xampp\htdocs\pustaka-booking\system\CodeIgniter.php(399): CodeIgniter\CodeIgniter->runController(Object(App\Controllers\Home))
#5 C:\xampp\htdocs\pustaka-booking\system\CodeIgniter.php(317): CodeIgniter\CodeIgniter->handleRequest(NULL, Object(Config\Cache), false)
#6 C:\xampp\htdocs\pustaka-booking\public\index.php(37): CodeIgniter\CodeIgniter->run()
#7 C:\xampp\htdocs\pustaka-booking\system\Commands\Server\rewrite.php(43): require_once('C:\\xampp\\htdocs...')
#8 {main}
CRITICAL - 2021-10-01 11:52:12 --> Invalid file: welcome_message.php
#0 C:\xampp\htdocs\pustaka-booking\system\View\View.php(198): CodeIgniter\Exceptions\FrameworkException::forInvalidFile('welcome_message...')
#1 C:\xampp\htdocs\pustaka-booking\system\Common.php(1092): CodeIgniter\View\View->render('welcome_message', Array, true)
#2 C:\xampp\htdocs\pustaka-booking\app\Controllers\Home.php(9): view('welcome_message')
#3 C:\xampp\htdocs\pustaka-booking\system\CodeIgniter.php(802): App\Controllers\Home->index()
#4 C:\xampp\htdocs\pustaka-booking\system\CodeIgniter.php(399): CodeIgniter\CodeIgniter->runController(Object(App\Controllers\Home))
#5 C:\xampp\htdocs\pustaka-booking\system\CodeIgniter.php(317): CodeIgniter\CodeIgniter->handleRequest(NULL, Object(Config\Cache), false)
#6 C:\xampp\htdocs\pustaka-booking\public\index.php(37): CodeIgniter\CodeIgniter->run()
#7 C:\xampp\htdocs\pustaka-booking\system\Commands\Server\rewrite.php(43): require_once('C:\\xampp\\htdocs...')
#8 {main}
CRITICAL - 2021-10-01 11:52:13 --> Invalid file: welcome_message.php
#0 C:\xampp\htdocs\pustaka-booking\system\View\View.php(198): CodeIgniter\Exceptions\FrameworkException::forInvalidFile('welcome_message...')
#1 C:\xampp\htdocs\pustaka-booking\system\Common.php(1092): CodeIgniter\View\View->render('welcome_message', Array, true)
#2 C:\xampp\htdocs\pustaka-booking\app\Controllers\Home.php(9): view('welcome_message')
#3 C:\xampp\htdocs\pustaka-booking\system\CodeIgniter.php(802): App\Controllers\Home->index()
#4 C:\xampp\htdocs\pustaka-booking\system\CodeIgniter.php(399): CodeIgniter\CodeIgniter->runController(Object(App\Controllers\Home))
#5 C:\xampp\htdocs\pustaka-booking\system\CodeIgniter.php(317): CodeIgniter\CodeIgniter->handleRequest(NULL, Object(Config\Cache), false)
#6 C:\xampp\htdocs\pustaka-booking\public\index.php(37): CodeIgniter\CodeIgniter->run()
#7 C:\xampp\htdocs\pustaka-booking\system\Commands\Server\rewrite.php(43): require_once('C:\\xampp\\htdocs...')
#8 {main}
CRITICAL - 2021-10-01 11:52:13 --> Invalid file: welcome_message.php
#0 C:\xampp\htdocs\pustaka-booking\system\View\View.php(198): CodeIgniter\Exceptions\FrameworkException::forInvalidFile('welcome_message...')
#1 C:\xampp\htdocs\pustaka-booking\system\Common.php(1092): CodeIgniter\View\View->render('welcome_message', Array, true)
#2 C:\xampp\htdocs\pustaka-booking\app\Controllers\Home.php(9): view('welcome_message')
#3 C:\xampp\htdocs\pustaka-booking\system\CodeIgniter.php(802): App\Controllers\Home->index()
#4 C:\xampp\htdocs\pustaka-booking\system\CodeIgniter.php(399): CodeIgniter\CodeIgniter->runController(Object(App\Controllers\Home))
#5 C:\xampp\htdocs\pustaka-booking\system\CodeIgniter.php(317): CodeIgniter\CodeIgniter->handleRequest(NULL, Object(Config\Cache), false)
#6 C:\xampp\htdocs\pustaka-booking\public\index.php(37): CodeIgniter\CodeIgniter->run()
#7 C:\xampp\htdocs\pustaka-booking\system\Commands\Server\rewrite.php(43): require_once('C:\\xampp\\htdocs...')
#8 {main}
CRITICAL - 2021-10-01 11:52:13 --> Invalid file: welcome_message.php
#0 C:\xampp\htdocs\pustaka-booking\system\View\View.php(198): CodeIgniter\Exceptions\FrameworkException::forInvalidFile('welcome_message...')
#1 C:\xampp\htdocs\pustaka-booking\system\Common.php(1092): CodeIgniter\View\View->render('welcome_message', Array, true)
#2 C:\xampp\htdocs\pustaka-booking\app\Controllers\Home.php(9): view('welcome_message')
#3 C:\xampp\htdocs\pustaka-booking\system\CodeIgniter.php(802): App\Controllers\Home->index()
#4 C:\xampp\htdocs\pustaka-booking\system\CodeIgniter.php(399): CodeIgniter\CodeIgniter->runController(Object(App\Controllers\Home))
#5 C:\xampp\htdocs\pustaka-booking\system\CodeIgniter.php(317): CodeIgniter\CodeIgniter->handleRequest(NULL, Object(Config\Cache), false)
#6 C:\xampp\htdocs\pustaka-booking\public\index.php(37): CodeIgniter\CodeIgniter->run()
#7 C:\xampp\htdocs\pustaka-booking\system\Commands\Server\rewrite.php(43): require_once('C:\\xampp\\htdocs...')
#8 {main}
CRITICAL - 2021-10-01 11:52:14 --> Invalid file: welcome_message.php
#0 C:\xampp\htdocs\pustaka-booking\system\View\View.php(198): CodeIgniter\Exceptions\FrameworkException::forInvalidFile('welcome_message...')
#1 C:\xampp\htdocs\pustaka-booking\system\Common.php(1092): CodeIgniter\View\View->render('welcome_message', Array, true)
#2 C:\xampp\htdocs\pustaka-booking\app\Controllers\Home.php(9): view('welcome_message')
#3 C:\xampp\htdocs\pustaka-booking\system\CodeIgniter.php(802): App\Controllers\Home->index()
#4 C:\xampp\htdocs\pustaka-booking\system\CodeIgniter.php(399): CodeIgniter\CodeIgniter->runController(Object(App\Controllers\Home))
#5 C:\xampp\htdocs\pustaka-booking\system\CodeIgniter.php(317): CodeIgniter\CodeIgniter->handleRequest(NULL, Object(Config\Cache), false)
#6 C:\xampp\htdocs\pustaka-booking\public\index.php(37): CodeIgniter\CodeIgniter->run()
#7 C:\xampp\htdocs\pustaka-booking\system\Commands\Server\rewrite.php(43): require_once('C:\\xampp\\htdocs...')
#8 {main}
CRITICAL - 2021-10-01 11:52:35 --> Invalid file: welcome_message.php
#0 C:\xampp\htdocs\pustaka-booking\system\View\View.php(198): CodeIgniter\Exceptions\FrameworkException::forInvalidFile('welcome_message...')
#1 C:\xampp\htdocs\pustaka-booking\system\Common.php(1092): CodeIgniter\View\View->render('welcome_message', Array, true)
#2 C:\xampp\htdocs\pustaka-booking\app\Controllers\Home.php(9): view('welcome_message')
#3 C:\xampp\htdocs\pustaka-booking\system\CodeIgniter.php(802): App\Controllers\Home->index()
#4 C:\xampp\htdocs\pustaka-booking\system\CodeIgniter.php(399): CodeIgniter\CodeIgniter->runController(Object(App\Controllers\Home))
#5 C:\xampp\htdocs\pustaka-booking\system\CodeIgniter.php(317): CodeIgniter\CodeIgniter->handleRequest(NULL, Object(Config\Cache), false)
#6 C:\xampp\htdocs\pustaka-booking\public\index.php(37): CodeIgniter\CodeIgniter->run()
#7 C:\xampp\htdocs\pustaka-booking\system\Commands\Server\rewrite.php(43): require_once('C:\\xampp\\htdocs...')
#8 {main}
CRITICAL - 2021-10-01 12:05:23 --> Invalid file: welcome_message.php
#0 C:\xampp\htdocs\pustaka-booking\system\View\View.php(198): CodeIgniter\Exceptions\FrameworkException::forInvalidFile('welcome_message...')
#1 C:\xampp\htdocs\pustaka-booking\system\Common.php(1092): CodeIgniter\View\View->render('welcome_message', Array, true)
#2 C:\xampp\htdocs\pustaka-booking\app\Controllers\Home.php(9): view('welcome_message')
#3 C:\xampp\htdocs\pustaka-booking\system\CodeIgniter.php(802): App\Controllers\Home->index()
#4 C:\xampp\htdocs\pustaka-booking\system\CodeIgniter.php(399): CodeIgniter\CodeIgniter->runController(Object(App\Controllers\Home))
#5 C:\xampp\htdocs\pustaka-booking\system\CodeIgniter.php(317): CodeIgniter\CodeIgniter->handleRequest(NULL, Object(Config\Cache), false)
#6 C:\xampp\htdocs\pustaka-booking\public\index.php(37): CodeIgniter\CodeIgniter->run()
#7 C:\xampp\htdocs\pustaka-booking\system\Commands\Server\rewrite.php(43): require_once('C:\\xampp\\htdocs...')
#8 {main}
CRITICAL - 2021-10-01 12:05:29 --> Invalid file: welcome_message.php
#0 C:\xampp\htdocs\pustaka-booking\system\View\View.php(198): CodeIgniter\Exceptions\FrameworkException::forInvalidFile('welcome_message...')
#1 C:\xampp\htdocs\pustaka-booking\system\Common.php(1092): CodeIgniter\View\View->render('welcome_message', Array, true)
#2 C:\xampp\htdocs\pustaka-booking\app\Controllers\Home.php(9): view('welcome_message')
#3 C:\xampp\htdocs\pustaka-booking\system\CodeIgniter.php(802): App\Controllers\Home->index()
#4 C:\xampp\htdocs\pustaka-booking\system\CodeIgniter.php(399): CodeIgniter\CodeIgniter->runController(Object(App\Controllers\Home))
#5 C:\xampp\htdocs\pustaka-booking\system\CodeIgniter.php(317): CodeIgniter\CodeIgniter->handleRequest(NULL, Object(Config\Cache), false)
#6 C:\xampp\htdocs\pustaka-booking\public\index.php(37): CodeIgniter\CodeIgniter->run()
#7 C:\xampp\htdocs\pustaka-booking\system\Commands\Server\rewrite.php(43): require_once('C:\\xampp\\htdocs...')
#8 {main}
CRITICAL - 2021-10-01 12:06:52 --> Invalid file: welcome_message.php
#0 C:\xampp\htdocs\pustaka-booking\system\View\View.php(198): CodeIgniter\Exceptions\FrameworkException::forInvalidFile('welcome_message...')
#1 C:\xampp\htdocs\pustaka-booking\system\Common.php(1092): CodeIgniter\View\View->render('welcome_message', Array, true)
#2 C:\xampp\htdocs\pustaka-booking\app\Controllers\Home.php(9): view('welcome_message')
#3 C:\xampp\htdocs\pustaka-booking\system\CodeIgniter.php(802): App\Controllers\Home->index()
#4 C:\xampp\htdocs\pustaka-booking\system\CodeIgniter.php(399): CodeIgniter\CodeIgniter->runController(Object(App\Controllers\Home))
#5 C:\xampp\htdocs\pustaka-booking\system\CodeIgniter.php(317): CodeIgniter\CodeIgniter->handleRequest(NULL, Object(Config\Cache), false)
#6 C:\xampp\htdocs\pustaka-booking\public\index.php(37): CodeIgniter\CodeIgniter->run()
#7 C:\xampp\htdocs\pustaka-booking\system\Commands\Server\rewrite.php(43): require_once('C:\\xampp\\htdocs...')
#8 {main}
CRITICAL - 2021-10-01 21:31:41 --> Invalid file: welcome_message.php
#0 C:\xampp\htdocs\pustaka-booking\system\View\View.php(198): CodeIgniter\Exceptions\FrameworkException::forInvalidFile('welcome_message...')
#1 C:\xampp\htdocs\pustaka-booking\system\Common.php(1092): CodeIgniter\View\View->render('welcome_message', Array, true)
#2 C:\xampp\htdocs\pustaka-booking\app\Controllers\Home.php(9): view('welcome_message')
#3 C:\xampp\htdocs\pustaka-booking\system\CodeIgniter.php(802): App\Controllers\Home->index()
#4 C:\xampp\htdocs\pustaka-booking\system\CodeIgniter.php(399): CodeIgniter\CodeIgniter->runController(Object(App\Controllers\Home))
#5 C:\xampp\htdocs\pustaka-booking\system\CodeIgniter.php(317): CodeIgniter\CodeIgniter->handleRequest(NULL, Object(Config\Cache), false)
#6 C:\xampp\htdocs\pustaka-booking\public\index.php(37): CodeIgniter\CodeIgniter->run()
#7 C:\xampp\htdocs\pustaka-booking\system\Commands\Server\rewrite.php(43): require_once('C:\\xampp\\htdocs...')
#8 {main}
CRITICAL - 2021-10-01 21:32:09 --> Invalid file: welcome_message.php
#0 C:\xampp\htdocs\pustaka-booking\system\View\View.php(198): CodeIgniter\Exceptions\FrameworkException::forInvalidFile('welcome_message...')
#1 C:\xampp\htdocs\pustaka-booking\system\Common.php(1092): CodeIgniter\View\View->render('welcome_message', Array, true)
#2 C:\xampp\htdocs\pustaka-booking\app\Controllers\Home.php(9): view('welcome_message')
#3 C:\xampp\htdocs\pustaka-booking\system\CodeIgniter.php(802): App\Controllers\Home->index()
#4 C:\xampp\htdocs\pustaka-booking\system\CodeIgniter.php(399): CodeIgniter\CodeIgniter->runController(Object(App\Controllers\Home))
#5 C:\xampp\htdocs\pustaka-booking\system\CodeIgniter.php(317): CodeIgniter\CodeIgniter->handleRequest(NULL, Object(Config\Cache), false)
#6 C:\xampp\htdocs\pustaka-booking\public\index.php(37): CodeIgniter\CodeIgniter->run()
#7 C:\xampp\htdocs\pustaka-booking\system\Commands\Server\rewrite.php(43): require_once('C:\\xampp\\htdocs...')
#8 {main}
CRITICAL - 2021-10-01 22:17:34 --> Invalid file: welcome_message.php
#0 C:\xampp\htdocs\pustaka-booking\system\View\View.php(198): CodeIgniter\Exceptions\FrameworkException::forInvalidFile('welcome_message...')
#1 C:\xampp\htdocs\pustaka-booking\system\Common.php(1092): CodeIgniter\View\View->render('welcome_message', Array, true)
#2 C:\xampp\htdocs\pustaka-booking\app\Controllers\Home.php(9): view('welcome_message')
#3 C:\xampp\htdocs\pustaka-booking\system\CodeIgniter.php(802): App\Controllers\Home->index()
#4 C:\xampp\htdocs\pustaka-booking\system\CodeIgniter.php(399): CodeIgniter\CodeIgniter->runController(Object(App\Controllers\Home))
#5 C:\xampp\htdocs\pustaka-booking\system\CodeIgniter.php(317): CodeIgniter\CodeIgniter->handleRequest(NULL, Object(Config\Cache), false)
#6 C:\xampp\htdocs\pustaka-booking\public\index.php(37): CodeIgniter\CodeIgniter->run()
#7 C:\xampp\htdocs\pustaka-booking\system\Commands\Server\rewrite.php(43): require_once('C:\\xampp\\htdocs...')
#8 {main}
CRITICAL - 2021-10-01 22:17:37 --> Invalid file: welcome_message.php
#0 C:\xampp\htdocs\pustaka-booking\system\View\View.php(198): CodeIgniter\Exceptions\FrameworkException::forInvalidFile('welcome_message...')
#1 C:\xampp\htdocs\pustaka-booking\system\Common.php(1092): CodeIgniter\View\View->render('welcome_message', Array, true)
#2 C:\xampp\htdocs\pustaka-booking\app\Controllers\Home.php(9): view('welcome_message')
#3 C:\xampp\htdocs\pustaka-booking\system\CodeIgniter.php(802): App\Controllers\Home->index()
#4 C:\xampp\htdocs\pustaka-booking\system\CodeIgniter.php(399): CodeIgniter\CodeIgniter->runController(Object(App\Controllers\Home))
#5 C:\xampp\htdocs\pustaka-booking\system\CodeIgniter.php(317): CodeIgniter\CodeIgniter->handleRequest(NULL, Object(Config\Cache), false)
#6 C:\xampp\htdocs\pustaka-booking\public\index.php(37): CodeIgniter\CodeIgniter->run()
#7 C:\xampp\htdocs\pustaka-booking\system\Commands\Server\rewrite.php(43): require_once('C:\\xampp\\htdocs...')
#8 {main}
CRITICAL - 2021-10-01 22:17:38 --> Invalid file: welcome_message.php
#0 C:\xampp\htdocs\pustaka-booking\system\View\View.php(198): CodeIgniter\Exceptions\FrameworkException::forInvalidFile('welcome_message...')
#1 C:\xampp\htdocs\pustaka-booking\system\Common.php(1092): CodeIgniter\View\View->render('welcome_message', Array, true)
#2 C:\xampp\htdocs\pustaka-booking\app\Controllers\Home.php(9): view('welcome_message')
#3 C:\xampp\htdocs\pustaka-booking\system\CodeIgniter.php(802): App\Controllers\Home->index()
#4 C:\xampp\htdocs\pustaka-booking\system\CodeIgniter.php(399): CodeIgniter\CodeIgniter->runController(Object(App\Controllers\Home))
#5 C:\xampp\htdocs\pustaka-booking\system\CodeIgniter.php(317): CodeIgniter\CodeIgniter->handleRequest(NULL, Object(Config\Cache), false)
#6 C:\xampp\htdocs\pustaka-booking\public\index.php(37): CodeIgniter\CodeIgniter->run()
#7 C:\xampp\htdocs\pustaka-booking\system\Commands\Server\rewrite.php(43): require_once('C:\\xampp\\htdocs...')
#8 {main}
CRITICAL - 2021-10-01 22:17:39 --> Invalid file: welcome_message.php
#0 C:\xampp\htdocs\pustaka-booking\system\View\View.php(198): CodeIgniter\Exceptions\FrameworkException::forInvalidFile('welcome_message...')
#1 C:\xampp\htdocs\pustaka-booking\system\Common.php(1092): CodeIgniter\View\View->render('welcome_message', Array, true)
#2 C:\xampp\htdocs\pustaka-booking\app\Controllers\Home.php(9): view('welcome_message')
#3 C:\xampp\htdocs\pustaka-booking\system\CodeIgniter.php(802): App\Controllers\Home->index()
#4 C:\xampp\htdocs\pustaka-booking\system\CodeIgniter.php(399): CodeIgniter\CodeIgniter->runController(Object(App\Controllers\Home))
#5 C:\xampp\htdocs\pustaka-booking\system\CodeIgniter.php(317): CodeIgniter\CodeIgniter->handleRequest(NULL, Object(Config\Cache), false)
#6 C:\xampp\htdocs\pustaka-booking\public\index.php(37): CodeIgniter\CodeIgniter->run()
#7 C:\xampp\htdocs\pustaka-booking\system\Commands\Server\rewrite.php(43): require_once('C:\\xampp\\htdocs...')
#8 {main}
CRITICAL - 2021-10-01 22:18:31 --> Invalid file: welcome_message.php
#0 C:\xampp\htdocs\pustaka-booking\system\View\View.php(198): CodeIgniter\Exceptions\FrameworkException::forInvalidFile('welcome_message...')
#1 C:\xampp\htdocs\pustaka-booking\system\Common.php(1092): CodeIgniter\View\View->render('welcome_message', Array, true)
#2 C:\xampp\htdocs\pustaka-booking\app\Controllers\Home.php(9): view('welcome_message')
#3 C:\xampp\htdocs\pustaka-booking\system\CodeIgniter.php(802): App\Controllers\Home->index()
#4 C:\xampp\htdocs\pustaka-booking\system\CodeIgniter.php(399): CodeIgniter\CodeIgniter->runController(Object(App\Controllers\Home))
#5 C:\xampp\htdocs\pustaka-booking\system\CodeIgniter.php(317): CodeIgniter\CodeIgniter->handleRequest(NULL, Object(Config\Cache), false)
#6 C:\xampp\htdocs\pustaka-booking\public\index.php(37): CodeIgniter\CodeIgniter->run()
#7 C:\xampp\htdocs\pustaka-booking\system\Commands\Server\rewrite.php(43): require_once('C:\\xampp\\htdocs...')
#8 {main}
CRITICAL - 2021-10-01 22:19:36 --> Invalid file: welcome_message.php
#0 C:\xampp\htdocs\pustaka-booking\system\View\View.php(198): CodeIgniter\Exceptions\FrameworkException::forInvalidFile('welcome_message...')
#1 C:\xampp\htdocs\pustaka-booking\system\Common.php(1092): CodeIgniter\View\View->render('welcome_message', Array, true)
#2 C:\xampp\htdocs\pustaka-booking\app\Controllers\Home.php(9): view('welcome_message')
#3 C:\xampp\htdocs\pustaka-booking\system\CodeIgniter.php(802): App\Controllers\Home->index()
#4 C:\xampp\htdocs\pustaka-booking\system\CodeIgniter.php(399): CodeIgniter\CodeIgniter->runController(Object(App\Controllers\Home))
#5 C:\xampp\htdocs\pustaka-booking\system\CodeIgniter.php(317): CodeIgniter\CodeIgniter->handleRequest(NULL, Object(Config\Cache), false)
#6 C:\xampp\htdocs\pustaka-booking\public\index.php(37): CodeIgniter\CodeIgniter->run()
#7 C:\xampp\htdocs\pustaka-booking\system\Commands\Server\rewrite.php(43): require_once('C:\\xampp\\htdocs...')
#8 {main}
CRITICAL - 2021-10-01 22:19:38 --> Invalid file: welcome_message.php
#0 C:\xampp\htdocs\pustaka-booking\system\View\View.php(198): CodeIgniter\Exceptions\FrameworkException::forInvalidFile('welcome_message...')
#1 C:\xampp\htdocs\pustaka-booking\system\Common.php(1092): CodeIgniter\View\View->render('welcome_message', Array, true)
#2 C:\xampp\htdocs\pustaka-booking\app\Controllers\Home.php(9): view('welcome_message')
#3 C:\xampp\htdocs\pustaka-booking\system\CodeIgniter.php(802): App\Controllers\Home->index()
#4 C:\xampp\htdocs\pustaka-booking\system\CodeIgniter.php(399): CodeIgniter\CodeIgniter->runController(Object(App\Controllers\Home))
#5 C:\xampp\htdocs\pustaka-booking\system\CodeIgniter.php(317): CodeIgniter\CodeIgniter->handleRequest(NULL, Object(Config\Cache), false)
#6 C:\xampp\htdocs\pustaka-booking\public\index.php(37): CodeIgniter\CodeIgniter->run()
#7 C:\xampp\htdocs\pustaka-booking\system\Commands\Server\rewrite.php(43): require_once('C:\\xampp\\htdocs...')
#8 {main}
CRITICAL - 2021-10-01 22:19:38 --> Invalid file: welcome_message.php
#0 C:\xampp\htdocs\pustaka-booking\system\View\View.php(198): CodeIgniter\Exceptions\FrameworkException::forInvalidFile('welcome_message...')
#1 C:\xampp\htdocs\pustaka-booking\system\Common.php(1092): CodeIgniter\View\View->render('welcome_message', Array, true)
#2 C:\xampp\htdocs\pustaka-booking\app\Controllers\Home.php(9): view('welcome_message')
#3 C:\xampp\htdocs\pustaka-booking\system\CodeIgniter.php(802): App\Controllers\Home->index()
#4 C:\xampp\htdocs\pustaka-booking\system\CodeIgniter.php(399): CodeIgniter\CodeIgniter->runController(Object(App\Controllers\Home))
#5 C:\xampp\htdocs\pustaka-booking\system\CodeIgniter.php(317): CodeIgniter\CodeIgniter->handleRequest(NULL, Object(Config\Cache), false)
#6 C:\xampp\htdocs\pustaka-booking\public\index.php(37): CodeIgniter\CodeIgniter->run()
#7 C:\xampp\htdocs\pustaka-booking\system\Commands\Server\rewrite.php(43): require_once('C:\\xampp\\htdocs...')
#8 {main}
CRITICAL - 2021-10-01 22:22:26 --> Invalid file: welcome_message.php
#0 C:\xampp\htdocs\pustaka-booking\system\View\View.php(198): CodeIgniter\Exceptions\FrameworkException::forInvalidFile('welcome_message...')
#1 C:\xampp\htdocs\pustaka-booking\system\Common.php(1092): CodeIgniter\View\View->render('welcome_message', Array, true)
#2 C:\xampp\htdocs\pustaka-booking\app\Controllers\Home.php(9): view('welcome_message')
#3 C:\xampp\htdocs\pustaka-booking\system\CodeIgniter.php(802): App\Controllers\Home->index()
#4 C:\xampp\htdocs\pustaka-booking\system\CodeIgniter.php(399): CodeIgniter\CodeIgniter->runController(Object(App\Controllers\Home))
#5 C:\xampp\htdocs\pustaka-booking\system\CodeIgniter.php(317): CodeIgniter\CodeIgniter->handleRequest(NULL, Object(Config\Cache), false)
#6 C:\xampp\htdocs\pustaka-booking\public\index.php(37): CodeIgniter\CodeIgniter->run()
#7 C:\xampp\htdocs\pustaka-booking\system\Commands\Server\rewrite.php(43): require_once('C:\\xampp\\htdocs...')
#8 {main}
CRITICAL - 2021-10-01 22:22:27 --> Invalid file: welcome_message.php
#0 C:\xampp\htdocs\pustaka-booking\system\View\View.php(198): CodeIgniter\Exceptions\FrameworkException::forInvalidFile('welcome_message...')
#1 C:\xampp\htdocs\pustaka-booking\system\Common.php(1092): CodeIgniter\View\View->render('welcome_message', Array, true)
#2 C:\xampp\htdocs\pustaka-booking\app\Controllers\Home.php(9): view('welcome_message')
#3 C:\xampp\htdocs\pustaka-booking\system\CodeIgniter.php(802): App\Controllers\Home->index()
#4 C:\xampp\htdocs\pustaka-booking\system\CodeIgniter.php(399): CodeIgniter\CodeIgniter->runController(Object(App\Controllers\Home))
#5 C:\xampp\htdocs\pustaka-booking\system\CodeIgniter.php(317): CodeIgniter\CodeIgniter->handleRequest(NULL, Object(Config\Cache), false)
#6 C:\xampp\htdocs\pustaka-booking\public\index.php(37): CodeIgniter\CodeIgniter->run()
#7 C:\xampp\htdocs\pustaka-booking\system\Commands\Server\rewrite.php(43): require_once('C:\\xampp\\htdocs...')
#8 {main}
CRITICAL - 2021-10-01 22:22:27 --> Invalid file: welcome_message.php
#0 C:\xampp\htdocs\pustaka-booking\system\View\View.php(198): CodeIgniter\Exceptions\FrameworkException::forInvalidFile('welcome_message...')
#1 C:\xampp\htdocs\pustaka-booking\system\Common.php(1092): CodeIgniter\View\View->render('welcome_message', Array, true)
#2 C:\xampp\htdocs\pustaka-booking\app\Controllers\Home.php(9): view('welcome_message')
#3 C:\xampp\htdocs\pustaka-booking\system\CodeIgniter.php(802): App\Controllers\Home->index()
#4 C:\xampp\htdocs\pustaka-booking\system\CodeIgniter.php(399): CodeIgniter\CodeIgniter->runController(Object(App\Controllers\Home))
#5 C:\xampp\htdocs\pustaka-booking\system\CodeIgniter.php(317): CodeIgniter\CodeIgniter->handleRequest(NULL, Object(Config\Cache), false)
#6 C:\xampp\htdocs\pustaka-booking\public\index.php(37): CodeIgniter\CodeIgniter->run()
#7 C:\xampp\htdocs\pustaka-booking\system\Commands\Server\rewrite.php(43): require_once('C:\\xampp\\htdocs...')
#8 {main}
CRITICAL - 2021-10-01 22:22:28 --> Invalid file: welcome_message.php
#0 C:\xampp\htdocs\pustaka-booking\system\View\View.php(198): CodeIgniter\Exceptions\FrameworkException::forInvalidFile('welcome_message...')
#1 C:\xampp\htdocs\pustaka-booking\system\Common.php(1092): CodeIgniter\View\View->render('welcome_message', Array, true)
#2 C:\xampp\htdocs\pustaka-booking\app\Controllers\Home.php(9): view('welcome_message')
#3 C:\xampp\htdocs\pustaka-booking\system\CodeIgniter.php(802): App\Controllers\Home->index()
#4 C:\xampp\htdocs\pustaka-booking\system\CodeIgniter.php(399): CodeIgniter\CodeIgniter->runController(Object(App\Controllers\Home))
#5 C:\xampp\htdocs\pustaka-booking\system\CodeIgniter.php(317): CodeIgniter\CodeIgniter->handleRequest(NULL, Object(Config\Cache), false)
#6 C:\xampp\htdocs\pustaka-booking\public\index.php(37): CodeIgniter\CodeIgniter->run()
#7 C:\xampp\htdocs\pustaka-booking\system\Commands\Server\rewrite.php(43): require_once('C:\\xampp\\htdocs...')
#8 {main}
