CRITICAL - 2021-09-29 09:18:30 --> Invalid file: welcome_message.php
#0 C:\xampp\htdocs\pustaka-booking\system\View\View.php(198): CodeIgniter\Exceptions\FrameworkException::forInvalidFile('welcome_message...')
#1 C:\xampp\htdocs\pustaka-booking\system\Common.php(1092): CodeIgniter\View\View->render('welcome_message', Array, true)
#2 C:\xampp\htdocs\pustaka-booking\app\Controllers\Home.php(9): view('welcome_message')
#3 C:\xampp\htdocs\pustaka-booking\system\CodeIgniter.php(802): App\Controllers\Home->index()
#4 C:\xampp\htdocs\pustaka-booking\system\CodeIgniter.php(399): CodeIgniter\CodeIgniter->runController(Object(App\Controllers\Home))
#5 C:\xampp\htdocs\pustaka-booking\system\CodeIgniter.php(317): CodeIgniter\CodeIgniter->handleRequest(NULL, Object(Config\Cache), false)
#6 C:\xampp\htdocs\pustaka-booking\public\index.php(37): CodeIgniter\CodeIgniter->run()
#7 C:\xampp\htdocs\pustaka-booking\system\Commands\Server\rewrite.php(43): require_once('C:\\xampp\\htdocs...')
#8 {main}
CRITICAL - 2021-09-29 09:18:36 --> Invalid file: welcome_message.php
#0 C:\xampp\htdocs\pustaka-booking\system\View\View.php(198): CodeIgniter\Exceptions\FrameworkException::forInvalidFile('welcome_message...')
#1 C:\xampp\htdocs\pustaka-booking\system\Common.php(1092): CodeIgniter\View\View->render('welcome_message', Array, true)
#2 C:\xampp\htdocs\pustaka-booking\app\Controllers\Home.php(9): view('welcome_message')
#3 C:\xampp\htdocs\pustaka-booking\system\CodeIgniter.php(802): App\Controllers\Home->index()
#4 C:\xampp\htdocs\pustaka-booking\system\CodeIgniter.php(399): CodeIgniter\CodeIgniter->runController(Object(App\Controllers\Home))
#5 C:\xampp\htdocs\pustaka-booking\system\CodeIgniter.php(317): CodeIgniter\CodeIgniter->handleRequest(NULL, Object(Config\Cache), false)
#6 C:\xampp\htdocs\pustaka-booking\public\index.php(37): CodeIgniter\CodeIgniter->run()
#7 C:\xampp\htdocs\pustaka-booking\system\Commands\Server\rewrite.php(43): require_once('C:\\xampp\\htdocs...')
#8 {main}
CRITICAL - 2021-09-29 09:18:37 --> Invalid file: welcome_message.php
#0 C:\xampp\htdocs\pustaka-booking\system\View\View.php(198): CodeIgniter\Exceptions\FrameworkException::forInvalidFile('welcome_message...')
#1 C:\xampp\htdocs\pustaka-booking\system\Common.php(1092): CodeIgniter\View\View->render('welcome_message', Array, true)
#2 C:\xampp\htdocs\pustaka-booking\app\Controllers\Home.php(9): view('welcome_message')
#3 C:\xampp\htdocs\pustaka-booking\system\CodeIgniter.php(802): App\Controllers\Home->index()
#4 C:\xampp\htdocs\pustaka-booking\system\CodeIgniter.php(399): CodeIgniter\CodeIgniter->runController(Object(App\Controllers\Home))
#5 C:\xampp\htdocs\pustaka-booking\system\CodeIgniter.php(317): CodeIgniter\CodeIgniter->handleRequest(NULL, Object(Config\Cache), false)
#6 C:\xampp\htdocs\pustaka-booking\public\index.php(37): CodeIgniter\CodeIgniter->run()
#7 C:\xampp\htdocs\pustaka-booking\system\Commands\Server\rewrite.php(43): require_once('C:\\xampp\\htdocs...')
#8 {main}
CRITICAL - 2021-09-29 09:33:53 --> Invalid file: welcome_message.php
#0 C:\xampp\htdocs\pustaka-booking\system\View\View.php(198): CodeIgniter\Exceptions\FrameworkException::forInvalidFile('welcome_message...')
#1 C:\xampp\htdocs\pustaka-booking\system\Common.php(1092): CodeIgniter\View\View->render('welcome_message', Array, true)
#2 C:\xampp\htdocs\pustaka-booking\app\Controllers\Home.php(9): view('welcome_message')
#3 C:\xampp\htdocs\pustaka-booking\system\CodeIgniter.php(802): App\Controllers\Home->index()
#4 C:\xampp\htdocs\pustaka-booking\system\CodeIgniter.php(399): CodeIgniter\CodeIgniter->runController(Object(App\Controllers\Home))
#5 C:\xampp\htdocs\pustaka-booking\system\CodeIgniter.php(317): CodeIgniter\CodeIgniter->handleRequest(NULL, Object(Config\Cache), false)
#6 C:\xampp\htdocs\pustaka-booking\public\index.php(37): CodeIgniter\CodeIgniter->run()
#7 C:\xampp\htdocs\pustaka-booking\system\Commands\Server\rewrite.php(43): require_once('C:\\xampp\\htdocs...')
#8 {main}
CRITICAL - 2021-09-29 09:35:28 --> Invalid file: welcome_message.php
#0 C:\xampp\htdocs\pustaka-booking\system\View\View.php(198): CodeIgniter\Exceptions\FrameworkException::forInvalidFile('welcome_message...')
#1 C:\xampp\htdocs\pustaka-booking\system\Common.php(1092): CodeIgniter\View\View->render('welcome_message', Array, true)
#2 C:\xampp\htdocs\pustaka-booking\app\Controllers\Home.php(9): view('welcome_message')
#3 C:\xampp\htdocs\pustaka-booking\system\CodeIgniter.php(802): App\Controllers\Home->index()
#4 C:\xampp\htdocs\pustaka-booking\system\CodeIgniter.php(399): CodeIgniter\CodeIgniter->runController(Object(App\Controllers\Home))
#5 C:\xampp\htdocs\pustaka-booking\system\CodeIgniter.php(317): CodeIgniter\CodeIgniter->handleRequest(NULL, Object(Config\Cache), false)
#6 C:\xampp\htdocs\pustaka-booking\public\index.php(37): CodeIgniter\CodeIgniter->run()
#7 C:\xampp\htdocs\pustaka-booking\system\Commands\Server\rewrite.php(43): require_once('C:\\xampp\\htdocs...')
#8 {main}
